0 info it worked if it ends with ok
1 verbose cli [ 'C:\\Program Files\\nodejs\\node.exe',
1 verbose cli   'C:\\Program Files\\nodejs\\node_modules\\npm\\bin\\npm-cli.js',
1 verbose cli   'install',
1 verbose cli   '--save',
1 verbose cli   'Jsonwebtoken' ]
2 info using npm@2.15.8
3 info using node@v4.4.7
4 verbose install initial load of C:\Users\vschool\Desktop\Vschool Camp Code\Vschool\Exercises\Day 78\package.json
5 warn package.json Day78@1.0.0 No description
6 warn package.json Day78@1.0.0 No repository field.
7 warn package.json Day78@1.0.0 No README data
8 verbose installManyTop reading scoped package data from C:\Users\vschool\Desktop\Vschool Camp Code\Vschool\Exercises\Day 78\node_modules\body-parser\package.json
9 verbose installManyTop reading scoped package data from C:\Users\vschool\Desktop\Vschool Camp Code\Vschool\Exercises\Day 78\node_modules\express\package.json
10 verbose installManyTop reading scoped package data from C:\Users\vschool\Desktop\Vschool Camp Code\Vschool\Exercises\Day 78\node_modules\mongoose\package.json
11 verbose readDependencies loading dependencies from C:\Users\vschool\Desktop\Vschool Camp Code\Vschool\Exercises\Day 78\package.json
12 silly cache add args [ 'Jsonwebtoken', null ]
13 verbose cache add spec Jsonwebtoken
14 silly cache add parsed spec Result {
14 silly cache add   raw: 'Jsonwebtoken',
14 silly cache add   scope: null,
14 silly cache add   name: 'Jsonwebtoken',
14 silly cache add   rawSpec: '',
14 silly cache add   spec: 'latest',
14 silly cache add   type: 'tag' }
15 silly addNamed Jsonwebtoken@latest
16 verbose addNamed "latest" is being treated as a dist-tag for Jsonwebtoken
17 info addNameTag [ 'Jsonwebtoken', 'latest' ]
18 silly mapToRegistry name Jsonwebtoken
19 silly mapToRegistry using default registry
20 silly mapToRegistry registry https://registry.npmjs.org/
21 silly mapToRegistry data Result {
21 silly mapToRegistry   raw: 'Jsonwebtoken',
21 silly mapToRegistry   scope: null,
21 silly mapToRegistry   name: 'Jsonwebtoken',
21 silly mapToRegistry   rawSpec: '',
21 silly mapToRegistry   spec: 'latest',
21 silly mapToRegistry   type: 'tag' }
22 silly mapToRegistry uri https://registry.npmjs.org/Jsonwebtoken
23 verbose addNameTag registry:https://registry.npmjs.org/Jsonwebtoken not in flight; fetching
24 verbose request uri https://registry.npmjs.org/Jsonwebtoken
25 verbose request no auth needed
26 info attempt registry request try #1 at 7:49:42 PM
27 verbose request id 2a6388fd4c215353
28 http request GET https://registry.npmjs.org/Jsonwebtoken
29 http 404 https://registry.npmjs.org/Jsonwebtoken
30 verbose headers { 'content-type': 'application/json',
30 verbose headers   'cache-control': 'max-age=0',
30 verbose headers   'content-length': '2',
30 verbose headers   'accept-ranges': 'bytes',
30 verbose headers   date: 'Thu, 23 Mar 2017 17:49:42 GMT',
30 verbose headers   via: '1.1 varnish',
30 verbose headers   age: '0',
30 verbose headers   connection: 'keep-alive',
30 verbose headers   'x-served-by': 'cache-hhn1544-HHN',
30 verbose headers   'x-cache': 'MISS',
30 verbose headers   'x-cache-hits': '0',
30 verbose headers   'x-timer': 'S1490291381.326965,VS0,VE696',
30 verbose headers   vary: 'Accept-Encoding' }
31 silly get cb [ 404,
31 silly get   { 'content-type': 'application/json',
31 silly get     'cache-control': 'max-age=0',
31 silly get     'content-length': '2',
31 silly get     'accept-ranges': 'bytes',
31 silly get     date: 'Thu, 23 Mar 2017 17:49:42 GMT',
31 silly get     via: '1.1 varnish',
31 silly get     age: '0',
31 silly get     connection: 'keep-alive',
31 silly get     'x-served-by': 'cache-hhn1544-HHN',
31 silly get     'x-cache': 'MISS',
31 silly get     'x-cache-hits': '0',
31 silly get     'x-timer': 'S1490291381.326965,VS0,VE696',
31 silly get     vary: 'Accept-Encoding' } ]
32 verbose stack Error: Registry returned 404 for GET on https://registry.npmjs.org/Jsonwebtoken
32 verbose stack     at makeError (C:\Program Files\nodejs\node_modules\npm\node_modules\npm-registry-client\lib\request.js:264:12)
32 verbose stack     at CachingRegistryClient.<anonymous> (C:\Program Files\nodejs\node_modules\npm\node_modules\npm-registry-client\lib\request.js:242:14)
32 verbose stack     at Request._callback (C:\Program Files\nodejs\node_modules\npm\node_modules\npm-registry-client\lib\request.js:172:14)
32 verbose stack     at Request.self.callback (C:\Program Files\nodejs\node_modules\npm\node_modules\request\request.js:200:22)
32 verbose stack     at emitTwo (events.js:87:13)
32 verbose stack     at Request.emit (events.js:172:7)
32 verbose stack     at Request.<anonymous> (C:\Program Files\nodejs\node_modules\npm\node_modules\request\request.js:1067:10)
32 verbose stack     at emitOne (events.js:82:20)
32 verbose stack     at Request.emit (events.js:169:7)
32 verbose stack     at IncomingMessage.<anonymous> (C:\Program Files\nodejs\node_modules\npm\node_modules\request\request.js:988:12)
33 verbose statusCode 404
34 verbose pkgid Jsonwebtoken
35 verbose cwd C:\Users\vschool\Desktop\Vschool Camp Code\Vschool\Exercises\Day 78\Server
36 error Windows_NT 6.2.9200
37 error argv "C:\\Program Files\\nodejs\\node.exe" "C:\\Program Files\\nodejs\\node_modules\\npm\\bin\\npm-cli.js" "install" "--save" "Jsonwebtoken"
38 error node v4.4.7
39 error npm  v2.15.8
40 error code E404
41 error 404 Registry returned 404 for GET on https://registry.npmjs.org/Jsonwebtoken
41 error 404
41 error 404 'Jsonwebtoken' is not in the npm registry.
41 error 404 Your package name is not valid, because
41 error 404
41 error 404  1. name can no longer contain capital letters
41 error 404 It was specified as a dependency of 'Day78'
41 error 404
41 error 404 Note that you can also install from a
41 error 404 tarball, folder, http url, or git url.
42 verbose exit [ 1, true ]
